<?xml version="1.0" encoding="UTF-8"?>
<testsuite name="ch.ethz.globis.isk.mongo.service.MongoPublicationServiceTest" time="2.334" tests="15" errors="0" skipped="0" failures="1">
  <properties>
[...]
</properties>
  <testcase name="test_8_retrievePublicationsBySeries" classname="ch.ethz.globis.isk.mongo.service.MongoPublicationServiceTest" time="1.863"/>
  <testcase name="test_9_retrievePublicationsBySchool" classname="ch.ethz.globis.isk.mongo.service.MongoPublicationServiceTest" time="0.059"/>
  <testcase name="test_5_insertJournalInfo" classname="ch.ethz.globis.isk.mongo.service.MongoPublicationServiceTest" time="0.114"/>
  <testcase name="test_10_retrievePublicationsByPublisher" classname="ch.ethz.globis.isk.mongo.service.MongoPublicationServiceTest" time="0.02"/>
  <testcase name="test_1_insertConferenceInfo" classname="ch.ethz.globis.isk.mongo.service.MongoPublicationServiceTest" time="0.084">
    <failure message="expected:&lt;ch.ethz.globis.isk.domain.mongo.MongoConference@363042d7&gt; but was:&lt;mongoConference:test-conference-1$LazyLoadingProxy&gt;" type="java.lang.AssertionError"><![CDATA[java.lang.AssertionError: expected:<ch.ethz.globis.isk.domain.mongo.MongoConference@363042d7> but was:<mongoConference:test-conference-1$LazyLoadingProxy>
	at org.junit.Assert.fail(Assert.java:88)
	at org.junit.Assert.failNotEquals(Assert.java:743)
	at org.junit.Assert.assertEquals(Assert.java:118)
	at org.junit.Assert.assertEquals(Assert.java:144)
	at ch.ethz.globis.isk.test.service.PublicationServiceTest.test_1_insertConferenceInfo(PublicationServiceTest.java:140)
	at sun.reflect.NativeMethodAccessorImpl.invoke0(Native Method)
	at sun.reflect.NativeMethodAccessorImpl.invoke(NativeMethodAccessorImpl.java:62)
	at sun.reflect.DelegatingMethodAccessorImpl.invoke(DelegatingMethodAccessorImpl.java:43)
	at java.lang.reflect.Method.invoke(Method.java:483)
	at org.junit.runners.model.FrameworkMethod$1.runReflectiveCall(FrameworkMethod.java:47)
	at org.junit.internal.runners.model.ReflectiveCallable.run(ReflectiveCallable.java:12)
	at org.junit.runners.model.FrameworkMethod.invokeExplosively(FrameworkMethod.java:44)
	at org.junit.internal.runners.statements.InvokeMethod.evaluate(InvokeMethod.java:17)
	at org.junit.internal.runners.statements.RunBefores.evaluate(RunBefores.java:26)
	at org.springframework.test.context.junit4.statements.RunBeforeTestMethodCallbacks.evaluate(RunBeforeTestMethodCallbacks.java:74)
	at org.junit.internal.runners.statements.RunAfters.evaluate(RunAfters.java:27)
	at org.springframework.test.context.junit4.statements.RunAfterTestMethodCallbacks.evaluate(RunAfterTestMethodCallbacks.java:83)
	at org.springframework.test.context.junit4.statements.SpringRepeat.evaluate(SpringRepeat.java:72)
	at org.springframework.test.context.junit4.SpringJUnit4ClassRunner.runChild(SpringJUnit4ClassRunner.java:232)
	at org.springframework.test.context.junit4.SpringJUnit4ClassRunner.runChild(SpringJUnit4ClassRunner.java:89)
	at org.junit.runners.ParentRunner$3.run(ParentRunner.java:238)
	at org.junit.runners.ParentRunner$1.schedule(ParentRunner.java:63)
	at org.junit.runners.ParentRunner.runChildren(ParentRunner.java:236)
	at org.junit.runners.ParentRunner.access$000(ParentRunner.java:53)
	at org.junit.runners.ParentRunner$2.evaluate(ParentRunner.java:229)
	at org.springframework.test.context.junit4.statements.RunBeforeTestClassCallbacks.evaluate(RunBeforeTestClassCallbacks.java:61)
	at org.springframework.test.context.junit4.statements.RunAfterTestClassCallbacks.evaluate(RunAfterTestClassCallbacks.java:71)
	at org.junit.runners.ParentRunner.run(ParentRunner.java:309)
	at org.springframework.test.context.junit4.SpringJUnit4ClassRunner.run(SpringJUnit4ClassRunner.java:175)
	at org.apache.maven.surefire.junit4.JUnit4Provider.execute(JUnit4Provider.java:264)
	at org.apache.maven.surefire.junit4.JUnit4Provider.executeTestSet(JUnit4Provider.java:153)
	at org.apache.maven.surefire.junit4.JUnit4Provider.invoke(JUnit4Provider.java:124)
	at org.apache.maven.surefire.booter.ForkedBooter.invokeProviderInSameClassLoader(ForkedBooter.java:200)
	at org.apache.maven.surefire.booter.ForkedBooter.runSuitesInProcess(ForkedBooter.java:153)
	at org.apache.maven.surefire.booter.ForkedBooter.main(ForkedBooter.java:103)
]]></failure>
  </testcase>
  <testcase name="test_11_retrieveArticlesByJournalEdition" classname="ch.ethz.globis.isk.mongo.service.MongoPublicationServiceTest" time="0.017"/>
  <testcase name="test_15_retrieveConferenceEditionsByConference" classname="ch.ethz.globis.isk.mongo.service.MongoPublicationServiceTest" time="0.019"/>
  <testcase name="test_13_retrieveInProceedingsByProceedings" classname="ch.ethz.globis.isk.mongo.service.MongoPublicationServiceTest" time="0.034"/>
  <testcase name="test_4_insertSeries" classname="ch.ethz.globis.isk.mongo.service.MongoPublicationServiceTest" time="0.03"/>
  <testcase name="test_14_retrieveJournalEditionsByJournal" classname="ch.ethz.globis.isk.mongo.service.MongoPublicationServiceTest" time="0.016"/>
  <testcase name="test_3_insertSchool" classname="ch.ethz.globis.isk.mongo.service.MongoPublicationServiceTest" time="0.021"/>
  <testcase name="test_2_insertPublisher" classname="ch.ethz.globis.isk.mongo.service.MongoPublicationServiceTest" time="0.016"/>
  <testcase name="test_12_retrieveInCollectionsByBook" classname="ch.ethz.globis.isk.mongo.service.MongoPublicationServiceTest" time="0.023"/>
  <testcase name="test_6_retrievePublicationsByAuthor" classname="ch.ethz.globis.isk.mongo.service.MongoPublicationServiceTest" time="0.01"/>
  <testcase name="test_7_retrievePublicationsByEditor" classname="ch.ethz.globis.isk.mongo.service.MongoPublicationServiceTest" time="0.008"/>
</testsuite>